======================================================================
EXPERIMENT 1: Sweep value diversity
======================================================================
Config: K=32, gamma=0.3, beta=0.5, sparsity=0.85

 Diversity |         Method |   CosSim |        MSE |   Budget
----------------------------------------------------------------------
      0.10 |       key_only |   0.4269 |   0.354084 |   18.57%
      0.10 |    value_aware |   0.4340 |   0.341669 |   19.09%
      0.10 |          quest |   0.9423 |   0.009778 |   36.11%
           |     Δ VA-vs-KO |  +0.716pp |     +3.51% MSE↓

      0.30 |       key_only |   0.4256 |   0.354402 |   18.57%
      0.30 |    value_aware |   0.4327 |   0.346822 |   18.86%
      0.30 |          quest |   0.9407 |   0.009997 |   36.11%
           |     Δ VA-vs-KO |  +0.716pp |     +2.14% MSE↓

      0.50 |       key_only |   0.4243 |   0.355536 |   18.57%
      0.50 |    value_aware |   0.4164 |   0.377171 |   17.84%
      0.50 |          quest |   0.9378 |   0.010501 |   36.11%
           |     Δ VA-vs-KO |  -0.791pp |     -6.09% MSE↓

      1.00 |       key_only |   0.4211 |   0.361943 |   18.57%
      1.00 |    value_aware |   0.4164 |   0.375187 |   18.15%
      1.00 |          quest |   0.9245 |   0.013002 |   36.11%
           |     Δ VA-vs-KO |  -0.471pp |     -3.66% MSE↓

      2.00 |       key_only |   0.4153 |   0.390067 |   18.57%
      2.00 |    value_aware |   0.4301 |   0.370641 |   18.80%
      2.00 |          quest |   0.8788 |   0.023332 |   36.11%
           |     Δ VA-vs-KO |  +1.482pp |     +4.98% MSE↓

======================================================================
EXPERIMENT 2: Sweep gamma (with fixed beta=0.5, diversity=1.0)
======================================================================

   Gamma |         Method |   CosSim |        MSE |   Budget
----------------------------------------------------------------------
    0.00 |       key_only |   0.4211 |   0.361943 |   18.57%
    0.00 |    value_aware |   0.4179 |   0.369752 |   18.37%

    0.10 |       key_only |   0.4211 |   0.361943 |   18.57%
    0.10 |    value_aware |   0.4072 |   0.392207 |   17.72%

    0.20 |       key_only |   0.4211 |   0.361943 |   18.57%
    0.20 |    value_aware |   0.4195 |   0.365339 |   18.38%

    0.30 |       key_only |   0.4211 |   0.361943 |   18.57%
    0.30 |    value_aware |   0.4164 |   0.375187 |   18.15%

    0.50 |       key_only |   0.4211 |   0.361943 |   18.57%
    0.50 |    value_aware |   0.4285 |   0.351038 |   18.91%

    0.70 |       key_only |   0.4211 |   0.361943 |   18.57%
    0.70 |    value_aware |   0.4167 |   0.375573 |   17.95%

    1.00 |       key_only |   0.4211 |   0.361943 |   18.57%
    1.00 |    value_aware |   0.4115 |   0.383867 |   17.62%

======================================================================
EXPERIMENT 3: Sweep beta (gamma=0.3, diversity=1.0)
======================================================================

    Beta |         Method |   CosSim |        MSE |   Budget
----------------------------------------------------------------------
    0.00 |    value_aware |   0.4116 |   0.383390 |   18.01%
    0.25 |    value_aware |   0.4245 |   0.358277 |   18.82%
    0.50 |    value_aware |   0.4164 |   0.375187 |   18.15%
    0.75 |    value_aware |   0.4378 |   0.335887 |   19.23%
    1.00 |    value_aware |   0.4272 |   0.356361 |   18.55%
    1.50 |    value_aware |   0.4273 |   0.362726 |   18.41%
======================================================================
EXPERIMENT 4: Sparsity sweep (như Table 2 trong paper)
======================================================================
diversity=1.0, gamma=0.3, beta=0.5, K=32

 Sparsity |         Method |   CosSim |        MSE |   Budget
----------------------------------------------------------------------
     0.70 |       key_only |   0.4873 |   0.256060 |   23.73%
     0.70 |    value_aware |   0.4817 |   0.262657 |   23.32%
     0.70 |          quest |   0.9330 |   0.011358 |   39.34%

     0.80 |       key_only |   0.4482 |   0.314063 |   20.44%
     0.80 |    value_aware |   0.4396 |   0.330351 |   19.72%
     0.80 |          quest |   0.9256 |   0.012784 |   36.60%

     0.90 |       key_only |   0.3954 |   0.416458 |   16.67%
     0.90 |    value_aware |   0.3933 |   0.426181 |   16.39%
     0.90 |          quest |   0.9197 |   0.013971 |   34.32%

     0.95 |       key_only |   0.3665 |   0.504430 |   14.24%
     0.95 |    value_aware |   0.3739 |   0.478764 |   14.53%
     0.95 |          quest |   0.9098 |   0.015891 |   31.68%


======================================================================
✓ Synthetic benchmarks complete.
Diễn giải: Δ CosSim dương = value-aware tốt hơn key-only.
Δ Budget gần 0 = so sánh công bằng cùng KV cost.
======================================================================
